<?xml version="1.0" encoding="UTF-8"?>
<!-- Generated by org.testng.reporters.JUnitXMLReporter -->
<testsuite hostname="DESKTOP-UGBTFQ2" ignored="0" name="Test" tests="4" failures="1" timestamp="18 Aug 2019 07:49:24 GMT" time="111.664" errors="0">
  <testcase name="log_in" time="19.946" classname="Facebook.Facebook.FB_Login_page"/>
  <testcase name="Home" time="27.842" classname="Facebook.Facebook.Home_Page_Navigation"/>
  <testcase name="Friends_list" time="44.051" classname="Facebook.Facebook.Friends_List">
    <failure type="java.lang.AssertionError" message="expected [true] but found [false]">
      <![CDATA[java.lang.AssertionError: expected [true] but found [false]
at Facebook.Facebook.Friends_List.Friends_list(Friends_List.java:55)
... Removed 29 stack frames]]>
    </failure>
  </testcase> <!-- Friends_list -->
  <testcase name="test" time="3.468" classname="Facebook.Facebook.Friends_List"/>
</testsuite> <!-- Test -->
